<?xml version="1.0" encoding="UTF-8"?>
<!-- Generated by org.testng.reporters.JUnitReportReporter -->
<testsuite hostname="Massa" name="com.bsc.collect.service.EmployeeServiceImplTest" tests="7" failures="0" timestamp="2 Nov 2015 03:37:30 GMT" time="0.000" errors="0">
  <testcase name="saveEmployee" time="0.000" classname="com.bsc.collect.service.EmployeeServiceImplTest"/>
  <testcase name="isEmployeeSsnUnique" time="0.000" classname="com.bsc.collect.service.EmployeeServiceImplTest"/>
  <testcase name="deleteEmployeeBySsn" time="0.000" classname="com.bsc.collect.service.EmployeeServiceImplTest"/>
  <testcase name="updateEmployee" time="0.000" classname="com.bsc.collect.service.EmployeeServiceImplTest"/>
  <testcase name="findById" time="0.000" classname="com.bsc.collect.service.EmployeeServiceImplTest"/>
  <testcase name="findEmployeeBySsn" time="0.000" classname="com.bsc.collect.service.EmployeeServiceImplTest"/>
  <testcase name="findAllEmployees" time="0.000" classname="com.bsc.collect.service.EmployeeServiceImplTest"/>
</testsuite> <!-- com.bsc.collect.service.EmployeeServiceImplTest -->
