<?xml version="1.0" encoding="UTF-8"?>
<!-- Generated by org.testng.reporters.JUnitReportReporter -->
<testsuite hostname="Massa" name="com.bsc.collect.dao.EmployeeDaoImplTest" tests="6" failures="0" timestamp="18 Oct 2015 09:43:39 GMT" time="0.735" errors="0">
  <testcase name="deleteEmployeeByInvalidSsn" time="0.186" classname="com.bsc.collect.dao.EmployeeDaoImplTest"/>
  <testcase name="findById" time="0.031" classname="com.bsc.collect.dao.EmployeeDaoImplTest"/>
  <testcase name="findEmployeeBySsn" time="0.188" classname="com.bsc.collect.dao.EmployeeDaoImplTest"/>
  <testcase name="deleteEmployeeBySsn" time="0.266" classname="com.bsc.collect.dao.EmployeeDaoImplTest"/>
  <testcase name="findAllEmployees" time="0.016" classname="com.bsc.collect.dao.EmployeeDaoImplTest"/>
  <testcase name="saveEmployee" time="0.048" classname="com.bsc.collect.dao.EmployeeDaoImplTest"/>
</testsuite> <!-- com.bsc.collect.dao.EmployeeDaoImplTest -->
