<?xml version="1.0" encoding="UTF-8"?>
<!-- Generated by org.testng.reporters.JUnitReportReporter -->
<testsuite hostname="Massa" name="com.bsc.collect.controller.AppControllerTest" tests="10" failures="0" timestamp="12 Nov 2015 02:22:14 GMT" time="0.092" errors="0">
  <testcase name="listEmployees" time="0.010" classname="com.bsc.collect.controller.AppControllerTest"/>
  <testcase name="editEmployee" time="0.037" classname="com.bsc.collect.controller.AppControllerTest"/>
  <testcase name="saveEmployeeWithSuccess" time="0.002" classname="com.bsc.collect.controller.AppControllerTest"/>
  <testcase name="saveEmployeeWithValidationErrorNonUniqueSSN" time="0.002" classname="com.bsc.collect.controller.AppControllerTest"/>
  <testcase name="newEmployee" time="0.001" classname="com.bsc.collect.controller.AppControllerTest"/>
  <testcase name="saveEmployeeWithValidationError" time="0.001" classname="com.bsc.collect.controller.AppControllerTest"/>
  <testcase name="updateEmployeeWithValidationErrorNonUniqueSSN" time="0.002" classname="com.bsc.collect.controller.AppControllerTest"/>
  <testcase name="updateEmployeeWithValidationError" time="0.003" classname="com.bsc.collect.controller.AppControllerTest"/>
  <testcase name="updateEmployeeWithSuccess" time="0.003" classname="com.bsc.collect.controller.AppControllerTest"/>
  <testcase name="deleteEmployee" time="0.031" classname="com.bsc.collect.controller.AppControllerTest"/>
</testsuite> <!-- com.bsc.collect.controller.AppControllerTest -->
