<?xml version="1.0" encoding="UTF-8"?>
<!-- Generated by org.testng.reporters.JUnitReportReporter -->
<testsuite hostname="Massa" name="com.bsc.collect.dao.EmployeeDaoImplTest" tests="6" failures="0" timestamp="4 Jan 2016 05:08:18 GMT" time="1.731" errors="0">
  <testcase name="findById" time="0.047" classname="com.bsc.collect.dao.EmployeeDaoImplTest"/>
  <testcase name="deleteEmployeeBySsn" time="0.016" classname="com.bsc.collect.dao.EmployeeDaoImplTest"/>
  <testcase name="deleteEmployeeByInvalidSsn" time="0.266" classname="com.bsc.collect.dao.EmployeeDaoImplTest"/>
  <testcase name="saveEmployee" time="0.284" classname="com.bsc.collect.dao.EmployeeDaoImplTest"/>
  <testcase name="findEmployeeBySsn" time="0.696" classname="com.bsc.collect.dao.EmployeeDaoImplTest"/>
  <testcase name="findAllEmployees" time="0.422" classname="com.bsc.collect.dao.EmployeeDaoImplTest"/>
</testsuite> <!-- com.bsc.collect.dao.EmployeeDaoImplTest -->
