<?xml version="1.0" encoding="UTF-8"?>
<!-- Generated by org.testng.reporters.JUnitReportReporter -->
<testsuite hostname="Massa" name="com.bsc.collect.dao.EmployeeDaoImplTest" tests="6" failures="0" timestamp="2 Nov 2015 03:37:30 GMT" time="0.608" errors="0">
  <testcase name="deleteEmployeeByInvalidSsn" time="0.149" classname="com.bsc.collect.dao.EmployeeDaoImplTest"/>
  <testcase name="findById" time="0.030" classname="com.bsc.collect.dao.EmployeeDaoImplTest"/>
  <testcase name="findEmployeeBySsn" time="0.094" classname="com.bsc.collect.dao.EmployeeDaoImplTest"/>
  <testcase name="deleteEmployeeBySsn" time="0.241" classname="com.bsc.collect.dao.EmployeeDaoImplTest"/>
  <testcase name="findAllEmployees" time="0.016" classname="com.bsc.collect.dao.EmployeeDaoImplTest"/>
  <testcase name="saveEmployee" time="0.078" classname="com.bsc.collect.dao.EmployeeDaoImplTest"/>
</testsuite> <!-- com.bsc.collect.dao.EmployeeDaoImplTest -->
