<?xml version="1.0" encoding="UTF-8"?>
<!-- Generated by org.testng.reporters.JUnitReportReporter -->
<testsuite hostname="Massa" name="com.bsc.collect.dao.EmployeeDaoImplTest" tests="6" failures="0" timestamp="13 Oct 2015 03:07:32 GMT" time="1.949" errors="0">
  <testcase name="deleteEmployeeByInvalidSsn" time="0.656" classname="com.bsc.collect.dao.EmployeeDaoImplTest"/>
  <testcase name="findById" time="0.015" classname="com.bsc.collect.dao.EmployeeDaoImplTest"/>
  <testcase name="findEmployeeBySsn" time="0.454" classname="com.bsc.collect.dao.EmployeeDaoImplTest"/>
  <testcase name="deleteEmployeeBySsn" time="0.730" classname="com.bsc.collect.dao.EmployeeDaoImplTest"/>
  <testcase name="findAllEmployees" time="0.000" classname="com.bsc.collect.dao.EmployeeDaoImplTest"/>
  <testcase name="saveEmployee" time="0.094" classname="com.bsc.collect.dao.EmployeeDaoImplTest"/>
</testsuite> <!-- com.bsc.collect.dao.EmployeeDaoImplTest -->
