<?xml version="1.0" encoding="UTF-8"?>
<!-- Generated by org.testng.reporters.JUnitReportReporter -->
<testsuite hostname="Massa" name="com.bsc.collect.dao.EmployeeDaoImplTest" tests="6" failures="0" timestamp="2 Oct 2015 10:44:36 GMT" time="0.638" errors="0">
  <testcase name="findEmployeeBySsn" time="0.030" classname="com.bsc.collect.dao.EmployeeDaoImplTest"/>
  <testcase name="findById" time="0.295" classname="com.bsc.collect.dao.EmployeeDaoImplTest"/>
  <testcase name="deleteEmployeeByInvalidSsn" time="0.102" classname="com.bsc.collect.dao.EmployeeDaoImplTest"/>
  <testcase name="deleteEmployeeBySsn" time="0.019" classname="com.bsc.collect.dao.EmployeeDaoImplTest"/>
  <testcase name="findAllEmployees" time="0.022" classname="com.bsc.collect.dao.EmployeeDaoImplTest"/>
  <testcase name="saveEmployee" time="0.170" classname="com.bsc.collect.dao.EmployeeDaoImplTest"/>
</testsuite> <!-- com.bsc.collect.dao.EmployeeDaoImplTest -->
