<?xml version="1.0" encoding="UTF-8"?>
<!-- Generated by org.testng.reporters.JUnitReportReporter -->
<testsuite hostname="Massa" name="com.bsc.collect.dao.EmployeeDaoImplTest" tests="6" failures="0" timestamp="21 Dec 2015 10:36:23 GMT" time="0.497" errors="0">
  <testcase name="deleteEmployeeBySsn" time="0.021" classname="com.bsc.collect.dao.EmployeeDaoImplTest"/>
  <testcase name="saveEmployee" time="0.079" classname="com.bsc.collect.dao.EmployeeDaoImplTest"/>
  <testcase name="findEmployeeBySsn" time="0.114" classname="com.bsc.collect.dao.EmployeeDaoImplTest"/>
  <testcase name="findById" time="0.027" classname="com.bsc.collect.dao.EmployeeDaoImplTest"/>
  <testcase name="deleteEmployeeByInvalidSsn" time="0.239" classname="com.bsc.collect.dao.EmployeeDaoImplTest"/>
  <testcase name="findAllEmployees" time="0.017" classname="com.bsc.collect.dao.EmployeeDaoImplTest"/>
</testsuite> <!-- com.bsc.collect.dao.EmployeeDaoImplTest -->
