<?xml version="1.0" encoding="UTF-8"?>
<!-- Generated by org.testng.reporters.JUnitReportReporter -->
<testsuite hostname="Massa" name="com.bsc.collect.controller.AppControllerTest" tests="10" failures="0" timestamp="9 Oct 2015 02:26:44 GMT" time="0.063" errors="0">
  <testcase name="deleteEmployee" time="0.016" classname="com.bsc.collect.controller.AppControllerTest"/>
  <testcase name="updateEmployeeWithSuccess" time="0.000" classname="com.bsc.collect.controller.AppControllerTest"/>
  <testcase name="newEmployee" time="0.000" classname="com.bsc.collect.controller.AppControllerTest"/>
  <testcase name="editEmployee" time="0.031" classname="com.bsc.collect.controller.AppControllerTest"/>
  <testcase name="updateEmployeeWithValidationErrorNonUniqueSSN" time="0.000" classname="com.bsc.collect.controller.AppControllerTest"/>
  <testcase name="listEmployees" time="0.000" classname="com.bsc.collect.controller.AppControllerTest"/>
  <testcase name="saveEmployeeWithSuccess" time="0.016" classname="com.bsc.collect.controller.AppControllerTest"/>
  <testcase name="saveEmployeeWithValidationError" time="0.000" classname="com.bsc.collect.controller.AppControllerTest"/>
  <testcase name="saveEmployeeWithValidationErrorNonUniqueSSN" time="0.000" classname="com.bsc.collect.controller.AppControllerTest"/>
  <testcase name="updateEmployeeWithValidationError" time="0.000" classname="com.bsc.collect.controller.AppControllerTest"/>
</testsuite> <!-- com.bsc.collect.controller.AppControllerTest -->
